GROUP,PACKAGE,CLASS,INSTRUCTION_MISSED,INSTRUCTION_COVERED,BRANCH_MISSED,BRANCH_COVERED,LINE_MISSED,LINE_COVERED,COMPLEXITY_MISSED,COMPLEXITY_COVERED,METHOD_MISSED,METHOD_COVERED
InfiniteMapGame,tsi.leigh.infinite.game,Tile,0,3,0,0,0,1,0,1,0,1
InfiniteMapGame,tsi.leigh.infinite.game,Main,7,0,0,0,3,0,2,0,2,0
InfiniteMapGame,tsi.leigh.infinite.game,Grass,0,11,0,0,0,4,0,4,0,4
InfiniteMapGame,tsi.leigh.infinite.game,Boat,3,0,0,0,1,0,1,0,1,0
InfiniteMapGame,tsi.leigh.infinite.game,Map,3,118,0,7,1,31,1,13,1,8
