<?xml version="1.0" encoding="UTF-8" ?>
<testsuite tests="6" failures="0" name="tsi.leigh.infinite.game.TestMap" time="0.026" errors="0" skipped="0">
  <properties>
[...]
</properties>
  <testcase classname="tsi.leigh.infinite.game.TestMap" name="tsi.leigh.infinite.game.TestMap.testPositionMoveWest" time="0.023"/>
  <testcase classname="tsi.leigh.infinite.game.TestMap" name="tsi.leigh.infinite.game.TestMap.testPositionMoveNorth" time="0"/>
  <testcase classname="tsi.leigh.infinite.game.TestMap" name="tsi.leigh.infinite.game.TestMap.testPositionMoveEast" time="0.001"/>
  <testcase classname="tsi.leigh.infinite.game.TestMap" name="tsi.leigh.infinite.game.TestMap.testPositionMoveSouth" time="0"/>
  <testcase classname="tsi.leigh.infinite.game.TestMap" name="tsi.leigh.infinite.game.TestMap.testMoveCaps" time="0"/>
  <testcase classname="tsi.leigh.infinite.game.TestMap" name="tsi.leigh.infinite.game.TestMap.testMoveGiberish" time="0.002"/>
</testsuite>