<?xml version="1.0" encoding="UTF-8"?>
<testsuite xmlns:xsi="http://www.w3.org/2001/XMLSchema-instance" xsi:noNamespaceSchemaLocation="https://maven.apache.org/surefire/maven-surefire-plugin/xsd/surefire-test-report.xsd" name="tsi.leigh.infinite.game.TestMapShore" time="0.005" tests="4" errors="0" skipped="0" failures="0">
  <properties>
[...]
</properties>
  <testcase name="testGenerateTiles{String, String}[1]" classname="tsi.leigh.infinite.game.TestMapShore" time="0.001"/>
  <testcase name="testGenerateTiles{String, String}[2]" classname="tsi.leigh.infinite.game.TestMapShore" time="0.001"/>
  <testcase name="testGenerateTiles{String, String}[3]" classname="tsi.leigh.infinite.game.TestMapShore" time="0"/>
  <testcase name="testGenerateTiles{String, String}[4]" classname="tsi.leigh.infinite.game.TestMapShore" time="0"/>
</testsuite>